The target system is: Android - 19 - armv7-a
The host system is: Darwin - 16.4.0 - x86_64
Determining if the C compiler works passed with the following output:
Change Dir: /Users/isakherman/Development/Android/projs/MemGameV/app/.externalNativeBuild/cmake/debug/armeabi-v7a/CMakeFiles/CMakeTmp

Run Build Command:"/usr/local/Cellar/android-sdk/25.0.0/cmake/3.6.3155560/bin/ninja" "cmTC_b53bf"
[1/2] Building C object CMakeFiles/cmTC_b53bf.dir/testCCompiler.c.o
[2/2] Linking C executable cmTC_b53bf


Detecting C compiler ABI info compiled with the following output:
Change Dir: /Users/isakherman/Development/Android/projs/MemGameV/app/.externalNativeBuild/cmake/debug/armeabi-v7a/CMakeFiles/CMakeTmp

Run Build Command:"/usr/local/Cellar/android-sdk/25.0.0/cmake/3.6.3155560/bin/ninja" "cmTC_cdf43"
[1/2] Building C object CMakeFiles/cmTC_cdf43.dir/CMakeCCompilerABI.c.o
[2/2] Linking C executable cmTC_cdf43
Android clang version 3.8.256229  (based on LLVM 3.8.256229)
Target: armv7-none-linux-android
Thread model: posix
InstalledDir: /usr/local/Cellar/android-sdk/25.0.0/ndk-bundle/toolchains/llvm/prebuilt/darwin-x86_64/bin
Found candidate GCC installation: /usr/local/Cellar/android-sdk/25.0.0/ndk-bundle/toolchains/arm-linux-androideabi-4.9/prebuilt/darwin-x86_64/lib/gcc/arm-linux-androideabi/4.9.x
Selected GCC installation: /usr/local/Cellar/android-sdk/25.0.0/ndk-bundle/toolchains/arm-linux-androideabi-4.9/prebuilt/darwin-x86_64/lib/gcc/arm-linux-androideabi/4.9.x
Candidate multilib: .;@m32
Selected multilib: .;@m32
 "/usr/local/Cellar/android-sdk/25.0.0/ndk-bundle/toolchains/arm-linux-androideabi-4.9/prebuilt/darwin-x86_64/lib/gcc/arm-linux-androideabi/4.9.x/../../../../arm-linux-androideabi/bin/ld" --sysroot=/usr/local/Cellar/android-sdk/25.0.0/ndk-bundle/platforms/android-19/arch-arm -pie -X --eh-frame-hdr -m armelf_linux_eabi -dynamic-linker /system/bin/linker -o cmTC_cdf43 /usr/local/Cellar/android-sdk/25.0.0/ndk-bundle/platforms/android-19/arch-arm/usr/lib/../lib/crtbegin_dynamic.o -L/usr/local/Cellar/android-sdk/25.0.0/ndk-bundle/toolchains/arm-linux-androideabi-4.9/prebuilt/darwin-x86_64/lib/gcc/arm-linux-androideabi/4.9.x -L/usr/local/Cellar/android-sdk/25.0.0/ndk-bundle/toolchains/arm-linux-androideabi-4.9/prebuilt/darwin-x86_64/lib/gcc/arm-linux-androideabi/4.9.x/../../../../arm-linux-androideabi/lib/../lib -L/usr/local/Cellar/android-sdk/25.0.0/ndk-bundle/platforms/android-19/arch-arm/usr/lib/../lib -L/usr/local/Cellar/android-sdk/25.0.0/ndk-bundle/toolchains/arm-linux-androideabi-4.9/prebuilt/darwin-x86_64/lib/gcc/arm-linux-androideabi/4.9.x/../../../../arm-linux-androideabi/lib -L/usr/local/Cellar/android-sdk/25.0.0/ndk-bundle/platforms/android-19/arch-arm/usr/lib --build-id --warn-shared-textrel --fatal-warnings --fix-cortex-a8 --no-undefined -z noexecstack -z relro -z now --gc-sections -z nocopyreloc --build-id --warn-shared-textrel --fatal-warnings --fix-cortex-a8 --no-undefined -z noexecstack -z relro -z now --gc-sections -z nocopyreloc CMakeFiles/cmTC_cdf43.dir/CMakeCCompilerABI.c.o -lgcc -ldl -lc -lgcc -ldl /usr/local/Cellar/android-sdk/25.0.0/ndk-bundle/platforms/android-19/arch-arm/usr/lib/../lib/crtend_android.o


Parsed C implicit link information from above output:
  link line regex: [^( *|.*[/\])(arm-linux-androideabi-ld|([^/\]+-)?ld|collect2)[^/\]*( |$)]
  ignore line: [Change Dir: /Users/isakherman/Development/Android/projs/MemGameV/app/.externalNativeBuild/cmake/debug/armeabi-v7a/CMakeFiles/CMakeTmp]
  ignore line: []
  ignore line: [Run Build Command:"/usr/local/Cellar/android-sdk/25.0.0/cmake/3.6.3155560/bin/ninja" "cmTC_cdf43"]
  ignore line: [[1/2] Building C object CMakeFiles/cmTC_cdf43.dir/CMakeCCompilerABI.c.o]
  ignore line: [[2/2] Linking C executable cmTC_cdf43]
  ignore line: [Android clang version 3.8.256229  (based on LLVM 3.8.256229)]
  ignore line: [Target: armv7-none-linux-android]
  ignore line: [Thread model: posix]
  ignore line: [InstalledDir: /usr/local/Cellar/android-sdk/25.0.0/ndk-bundle/toolchains/llvm/prebuilt/darwin-x86_64/bin]
  ignore line: [Found candidate GCC installation: /usr/local/Cellar/android-sdk/25.0.0/ndk-bundle/toolchains/arm-linux-androideabi-4.9/prebuilt/darwin-x86_64/lib/gcc/arm-linux-androideabi/4.9.x]
  ignore line: [Selected GCC installation: /usr/local/Cellar/android-sdk/25.0.0/ndk-bundle/toolchains/arm-linux-androideabi-4.9/prebuilt/darwin-x86_64/lib/gcc/arm-linux-androideabi/4.9.x]
  ignore line: [Candidate multilib: .]
  ignore line: [@m32]
  ignore line: [Selected multilib: .]
  ignore line: [@m32]
  link line: [ "/usr/local/Cellar/android-sdk/25.0.0/ndk-bundle/toolchains/arm-linux-androideabi-4.9/prebuilt/darwin-x86_64/lib/gcc/arm-linux-androideabi/4.9.x/../../../../arm-linux-androideabi/bin/ld" --sysroot=/usr/local/Cellar/android-sdk/25.0.0/ndk-bundle/platforms/android-19/arch-arm -pie -X --eh-frame-hdr -m armelf_linux_eabi -dynamic-linker /system/bin/linker -o cmTC_cdf43 /usr/local/Cellar/android-sdk/25.0.0/ndk-bundle/platforms/android-19/arch-arm/usr/lib/../lib/crtbegin_dynamic.o -L/usr/local/Cellar/android-sdk/25.0.0/ndk-bundle/toolchains/arm-linux-androideabi-4.9/prebuilt/darwin-x86_64/lib/gcc/arm-linux-androideabi/4.9.x -L/usr/local/Cellar/android-sdk/25.0.0/ndk-bundle/toolchains/arm-linux-androideabi-4.9/prebuilt/darwin-x86_64/lib/gcc/arm-linux-androideabi/4.9.x/../../../../arm-linux-androideabi/lib/../lib -L/usr/local/Cellar/android-sdk/25.0.0/ndk-bundle/platforms/android-19/arch-arm/usr/lib/../lib -L/usr/local/Cellar/android-sdk/25.0.0/ndk-bundle/toolchains/arm-linux-androideabi-4.9/prebuilt/darwin-x86_64/lib/gcc/arm-linux-androideabi/4.9.x/../../../../arm-linux-androideabi/lib -L/usr/local/Cellar/android-sdk/25.0.0/ndk-bundle/platforms/android-19/arch-arm/usr/lib --build-id --warn-shared-textrel --fatal-warnings --fix-cortex-a8 --no-undefined -z noexecstack -z relro -z now --gc-sections -z nocopyreloc --build-id --warn-shared-textrel --fatal-warnings --fix-cortex-a8 --no-undefined -z noexecstack -z relro -z now --gc-sections -z nocopyreloc CMakeFiles/cmTC_cdf43.dir/CMakeCCompilerABI.c.o -lgcc -ldl -lc -lgcc -ldl /usr/local/Cellar/android-sdk/25.0.0/ndk-bundle/platforms/android-19/arch-arm/usr/lib/../lib/crtend_android.o]
    arg [/usr/local/Cellar/android-sdk/25.0.0/ndk-bundle/toolchains/arm-linux-androideabi-4.9/prebuilt/darwin-x86_64/lib/gcc/arm-linux-androideabi/4.9.x/../../../../arm-linux-androideabi/bin/ld] ==> ignore
    arg [--sysroot=/usr/local/Cellar/android-sdk/25.0.0/ndk-bundle/platforms/android-19/arch-arm] ==> ignore
    arg [-pie] ==> ignore
    arg [-X] ==> ignore
    arg [--eh-frame-hdr] ==> ignore
    arg [-m] ==> ignore
    arg [armelf_linux_eabi] ==> ignore
    arg [-dynamic-linker] ==> ignore
    arg [/system/bin/linker] ==> ignore
    arg [-o] ==> ignore
    arg [cmTC_cdf43] ==> ignore
    arg [/usr/local/Cellar/android-sdk/25.0.0/ndk-bundle/platforms/android-19/arch-arm/usr/lib/../lib/crtbegin_dynamic.o] ==> ignore
    arg [-L/usr/local/Cellar/android-sdk/25.0.0/ndk-bundle/toolchains/arm-linux-androideabi-4.9/prebuilt/darwin-x86_64/lib/gcc/arm-linux-androideabi/4.9.x] ==> dir [/usr/local/Cellar/android-sdk/25.0.0/ndk-bundle/toolchains/arm-linux-androideabi-4.9/prebuilt/darwin-x86_64/lib/gcc/arm-linux-androideabi/4.9.x]
    arg [-L/usr/local/Cellar/android-sdk/25.0.0/ndk-bundle/toolchains/arm-linux-androideabi-4.9/prebuilt/darwin-x86_64/lib/gcc/arm-linux-androideabi/4.9.x/../../../../arm-linux-androideabi/lib/../lib] ==> dir [/usr/local/Cellar/android-sdk/25.0.0/ndk-bundle/toolchains/arm-linux-androideabi-4.9/prebuilt/darwin-x86_64/lib/gcc/arm-linux-androideabi/4.9.x/../../../../arm-linux-androideabi/lib/../lib]
    arg [-L/usr/local/Cellar/android-sdk/25.0.0/ndk-bundle/platforms/android-19/arch-arm/usr/lib/../lib] ==> dir [/usr/local/Cellar/android-sdk/25.0.0/ndk-bundle/platforms/android-19/arch-arm/usr/lib/../lib]
    arg [-L/usr/local/Cellar/android-sdk/25.0.0/ndk-bundle/toolchains/arm-linux-androideabi-4.9/prebuilt/darwin-x86_64/lib/gcc/arm-linux-androideabi/4.9.x/../../../../arm-linux-androideabi/lib] ==> dir [/usr/local/Cellar/android-sdk/25.0.0/ndk-bundle/toolchains/arm-linux-androideabi-4.9/prebuilt/darwin-x86_64/lib/gcc/arm-linux-androideabi/4.9.x/../../../../arm-linux-androideabi/lib]
    arg [-L/usr/local/Cellar/android-sdk/25.0.0/ndk-bundle/platforms/android-19/arch-arm/usr/lib] ==> dir [/usr/local/Cellar/android-sdk/25.0.0/ndk-bundle/platforms/android-19/arch-arm/usr/lib]
    arg [--build-id] ==> ignore
    arg [--warn-shared-textrel] ==> ignore
    arg [--fatal-warnings] ==> ignore
    arg [--fix-cortex-a8] ==> ignore
    arg [--no-undefined] ==> ignore
    arg [-znoexecstack] ==> ignore
    arg [-zrelro] ==> ignore
    arg [-znow] ==> ignore
    arg [--gc-sections] ==> ignore
    arg [-znocopyreloc] ==> ignore
    arg [--build-id] ==> ignore
    arg [--warn-shared-textrel] ==> ignore
    arg [--fatal-warnings] ==> ignore
    arg [--fix-cortex-a8] ==> ignore
    arg [--no-undefined] ==> ignore
    arg [-znoexecstack] ==> ignore
    arg [-zrelro] ==> ignore
    arg [-znow] ==> ignore
    arg [--gc-sections] ==> ignore
    arg [-znocopyreloc] ==> ignore
    arg [CMakeFiles/cmTC_cdf43.dir/CMakeCCompilerABI.c.o] ==> ignore
    arg [-lgcc] ==> lib [gcc]
    arg [-ldl] ==> lib [dl]
    arg [-lc] ==> lib [c]
    arg [-lgcc] ==> lib [gcc]
    arg [-ldl] ==> lib [dl]
    arg [/usr/local/Cellar/android-sdk/25.0.0/ndk-bundle/platforms/android-19/arch-arm/usr/lib/../lib/crtend_android.o] ==> ignore
  remove lib [gcc]
  remove lib [gcc]
  collapse library dir [/usr/local/Cellar/android-sdk/25.0.0/ndk-bundle/toolchains/arm-linux-androideabi-4.9/prebuilt/darwin-x86_64/lib/gcc/arm-linux-androideabi/4.9.x] ==> [/usr/local/Cellar/android-sdk/25.0.0/ndk-bundle/toolchains/arm-linux-androideabi-4.9/prebuilt/darwin-x86_64/lib/gcc/arm-linux-androideabi/4.9.x]
  collapse library dir [/usr/local/Cellar/android-sdk/25.0.0/ndk-bundle/toolchains/arm-linux-androideabi-4.9/prebuilt/darwin-x86_64/lib/gcc/arm-linux-androideabi/4.9.x/../../../../arm-linux-androideabi/lib/../lib] ==> [/usr/local/Cellar/android-sdk/25.0.0/ndk-bundle/toolchains/arm-linux-androideabi-4.9/prebuilt/darwin-x86_64/arm-linux-androideabi/lib]
  collapse library dir [/usr/local/Cellar/android-sdk/25.0.0/ndk-bundle/platforms/android-19/arch-arm/usr/lib/../lib] ==> [/usr/local/Cellar/android-sdk/25.0.0/ndk-bundle/platforms/android-19/arch-arm/usr/lib]
  collapse library dir [/usr/local/Cellar/android-sdk/25.0.0/ndk-bundle/toolchains/arm-linux-androideabi-4.9/prebuilt/darwin-x86_64/lib/gcc/arm-linux-androideabi/4.9.x/../../../../arm-linux-androideabi/lib] ==> [/usr/local/Cellar/android-sdk/25.0.0/ndk-bundle/toolchains/arm-linux-androideabi-4.9/prebuilt/darwin-x86_64/arm-linux-androideabi/lib]
  collapse library dir [/usr/local/Cellar/android-sdk/25.0.0/ndk-bundle/platforms/android-19/arch-arm/usr/lib] ==> [/usr/local/Cellar/android-sdk/25.0.0/ndk-bundle/platforms/android-19/arch-arm/usr/lib]
  implicit libs: [dl;c;dl]
  implicit dirs: [/usr/local/Cellar/android-sdk/25.0.0/ndk-bundle/toolchains/arm-linux-androideabi-4.9/prebuilt/darwin-x86_64/lib/gcc/arm-linux-androideabi/4.9.x;/usr/local/Cellar/android-sdk/25.0.0/ndk-bundle/toolchains/arm-linux-androideabi-4.9/prebuilt/darwin-x86_64/arm-linux-androideabi/lib;/usr/local/Cellar/android-sdk/25.0.0/ndk-bundle/platforms/android-19/arch-arm/usr/lib]
  implicit fwks: []


Determining if the CXX compiler works passed with the following output:
Change Dir: /Users/isakherman/Development/Android/projs/MemGameV/app/.externalNativeBuild/cmake/debug/armeabi-v7a/CMakeFiles/CMakeTmp

Run Build Command:"/usr/local/Cellar/android-sdk/25.0.0/cmake/3.6.3155560/bin/ninja" "cmTC_9a478"
[1/2] Building CXX object CMakeFiles/cmTC_9a478.dir/testCXXCompiler.cxx.o
[2/2] Linking CXX executable cmTC_9a478


Detecting CXX compiler ABI info compiled with the following output:
Change Dir: /Users/isakherman/Development/Android/projs/MemGameV/app/.externalNativeBuild/cmake/debug/armeabi-v7a/CMakeFiles/CMakeTmp

Run Build Command:"/usr/local/Cellar/android-sdk/25.0.0/cmake/3.6.3155560/bin/ninja" "cmTC_10277"
[1/2] Building CXX object CMakeFiles/cmTC_10277.dir/CMakeCXXCompilerABI.cpp.o
[2/2] Linking CXX executable cmTC_10277
Android clang version 3.8.256229  (based on LLVM 3.8.256229)
Target: armv7-none-linux-android
Thread model: posix
InstalledDir: /usr/local/Cellar/android-sdk/25.0.0/ndk-bundle/toolchains/llvm/prebuilt/darwin-x86_64/bin
Found candidate GCC installation: /usr/local/Cellar/android-sdk/25.0.0/ndk-bundle/toolchains/arm-linux-androideabi-4.9/prebuilt/darwin-x86_64/lib/gcc/arm-linux-androideabi/4.9.x
Selected GCC installation: /usr/local/Cellar/android-sdk/25.0.0/ndk-bundle/toolchains/arm-linux-androideabi-4.9/prebuilt/darwin-x86_64/lib/gcc/arm-linux-androideabi/4.9.x
Candidate multilib: .;@m32
Selected multilib: .;@m32
 "/usr/local/Cellar/android-sdk/25.0.0/ndk-bundle/toolchains/arm-linux-androideabi-4.9/prebuilt/darwin-x86_64/lib/gcc/arm-linux-androideabi/4.9.x/../../../../arm-linux-androideabi/bin/ld" --sysroot=/usr/local/Cellar/android-sdk/25.0.0/ndk-bundle/platforms/android-19/arch-arm -pie -X --eh-frame-hdr -m armelf_linux_eabi -dynamic-linker /system/bin/linker -o cmTC_10277 /usr/local/Cellar/android-sdk/25.0.0/ndk-bundle/platforms/android-19/arch-arm/usr/lib/../lib/crtbegin_dynamic.o -L/usr/local/Cellar/android-sdk/25.0.0/ndk-bundle/toolchains/arm-linux-androideabi-4.9/prebuilt/darwin-x86_64/lib/gcc/arm-linux-androideabi/4.9.x -L/usr/local/Cellar/android-sdk/25.0.0/ndk-bundle/toolchains/arm-linux-androideabi-4.9/prebuilt/darwin-x86_64/lib/gcc/arm-linux-androideabi/4.9.x/../../../../arm-linux-androideabi/lib/../lib -L/usr/local/Cellar/android-sdk/25.0.0/ndk-bundle/platforms/android-19/arch-arm/usr/lib/../lib -L/usr/local/Cellar/android-sdk/25.0.0/ndk-bundle/toolchains/arm-linux-androideabi-4.9/prebuilt/darwin-x86_64/lib/gcc/arm-linux-androideabi/4.9.x/../../../../arm-linux-androideabi/lib -L/usr/local/Cellar/android-sdk/25.0.0/ndk-bundle/platforms/android-19/arch-arm/usr/lib --build-id --warn-shared-textrel --fatal-warnings --fix-cortex-a8 --no-undefined -z noexecstack -z relro -z now --gc-sections -z nocopyreloc --build-id --warn-shared-textrel --fatal-warnings --fix-cortex-a8 --no-undefined -z noexecstack -z relro -z now --gc-sections -z nocopyreloc CMakeFiles/cmTC_10277.dir/CMakeCXXCompilerABI.cpp.o -lstdc++ -lm -lgcc -lgcc -ldl -lc -lgcc -lgcc -ldl /usr/local/Cellar/android-sdk/25.0.0/ndk-bundle/platforms/android-19/arch-arm/usr/lib/../lib/crtend_android.o


Parsed CXX implicit link information from above output:
  link line regex: [^( *|.*[/\])(arm-linux-androideabi-ld|([^/\]+-)?ld|collect2)[^/\]*( |$)]
  ignore line: [Change Dir: /Users/isakherman/Development/Android/projs/MemGameV/app/.externalNativeBuild/cmake/debug/armeabi-v7a/CMakeFiles/CMakeTmp]
  ignore line: []
  ignore line: [Run Build Command:"/usr/local/Cellar/android-sdk/25.0.0/cmake/3.6.3155560/bin/ninja" "cmTC_10277"]
  ignore line: [[1/2] Building CXX object CMakeFiles/cmTC_10277.dir/CMakeCXXCompilerABI.cpp.o]
  ignore line: [[2/2] Linking CXX executable cmTC_10277]
  ignore line: [Android clang version 3.8.256229  (based on LLVM 3.8.256229)]
  ignore line: [Target: armv7-none-linux-android]
  ignore line: [Thread model: posix]
  ignore line: [InstalledDir: /usr/local/Cellar/android-sdk/25.0.0/ndk-bundle/toolchains/llvm/prebuilt/darwin-x86_64/bin]
  ignore line: [Found candidate GCC installation: /usr/local/Cellar/android-sdk/25.0.0/ndk-bundle/toolchains/arm-linux-androideabi-4.9/prebuilt/darwin-x86_64/lib/gcc/arm-linux-androideabi/4.9.x]
  ignore line: [Selected GCC installation: /usr/local/Cellar/android-sdk/25.0.0/ndk-bundle/toolchains/arm-linux-androideabi-4.9/prebuilt/darwin-x86_64/lib/gcc/arm-linux-androideabi/4.9.x]
  ignore line: [Candidate multilib: .]
  ignore line: [@m32]
  ignore line: [Selected multilib: .]
  ignore line: [@m32]
  link line: [ "/usr/local/Cellar/android-sdk/25.0.0/ndk-bundle/toolchains/arm-linux-androideabi-4.9/prebuilt/darwin-x86_64/lib/gcc/arm-linux-androideabi/4.9.x/../../../../arm-linux-androideabi/bin/ld" --sysroot=/usr/local/Cellar/android-sdk/25.0.0/ndk-bundle/platforms/android-19/arch-arm -pie -X --eh-frame-hdr -m armelf_linux_eabi -dynamic-linker /system/bin/linker -o cmTC_10277 /usr/local/Cellar/android-sdk/25.0.0/ndk-bundle/platforms/android-19/arch-arm/usr/lib/../lib/crtbegin_dynamic.o -L/usr/local/Cellar/android-sdk/25.0.0/ndk-bundle/toolchains/arm-linux-androideabi-4.9/prebuilt/darwin-x86_64/lib/gcc/arm-linux-androideabi/4.9.x -L/usr/local/Cellar/android-sdk/25.0.0/ndk-bundle/toolchains/arm-linux-androideabi-4.9/prebuilt/darwin-x86_64/lib/gcc/arm-linux-androideabi/4.9.x/../../../../arm-linux-androideabi/lib/../lib -L/usr/local/Cellar/android-sdk/25.0.0/ndk-bundle/platforms/android-19/arch-arm/usr/lib/../lib -L/usr/local/Cellar/android-sdk/25.0.0/ndk-bundle/toolchains/arm-linux-androideabi-4.9/prebuilt/darwin-x86_64/lib/gcc/arm-linux-androideabi/4.9.x/../../../../arm-linux-androideabi/lib -L/usr/local/Cellar/android-sdk/25.0.0/ndk-bundle/platforms/android-19/arch-arm/usr/lib --build-id --warn-shared-textrel --fatal-warnings --fix-cortex-a8 --no-undefined -z noexecstack -z relro -z now --gc-sections -z nocopyreloc --build-id --warn-shared-textrel --fatal-warnings --fix-cortex-a8 --no-undefined -z noexecstack -z relro -z now --gc-sections -z nocopyreloc CMakeFiles/cmTC_10277.dir/CMakeCXXCompilerABI.cpp.o -lstdc++ -lm -lgcc -lgcc -ldl -lc -lgcc -lgcc -ldl /usr/local/Cellar/android-sdk/25.0.0/ndk-bundle/platforms/android-19/arch-arm/usr/lib/../lib/crtend_android.o]
    arg [/usr/local/Cellar/android-sdk/25.0.0/ndk-bundle/toolchains/arm-linux-androideabi-4.9/prebuilt/darwin-x86_64/lib/gcc/arm-linux-androideabi/4.9.x/../../../../arm-linux-androideabi/bin/ld] ==> ignore
    arg [--sysroot=/usr/local/Cellar/android-sdk/25.0.0/ndk-bundle/platforms/android-19/arch-arm] ==> ignore
    arg [-pie] ==> ignore
    arg [-X] ==> ignore
    arg [--eh-frame-hdr] ==> ignore
    arg [-m] ==> ignore
    arg [armelf_linux_eabi] ==> ignore
    arg [-dynamic-linker] ==> ignore
    arg [/system/bin/linker] ==> ignore
    arg [-o] ==> ignore
    arg [cmTC_10277] ==> ignore
    arg [/usr/local/Cellar/android-sdk/25.0.0/ndk-bundle/platforms/android-19/arch-arm/usr/lib/../lib/crtbegin_dynamic.o] ==> ignore
    arg [-L/usr/local/Cellar/android-sdk/25.0.0/ndk-bundle/toolchains/arm-linux-androideabi-4.9/prebuilt/darwin-x86_64/lib/gcc/arm-linux-androideabi/4.9.x] ==> dir [/usr/local/Cellar/android-sdk/25.0.0/ndk-bundle/toolchains/arm-linux-androideabi-4.9/prebuilt/darwin-x86_64/lib/gcc/arm-linux-androideabi/4.9.x]
    arg [-L/usr/local/Cellar/android-sdk/25.0.0/ndk-bundle/toolchains/arm-linux-androideabi-4.9/prebuilt/darwin-x86_64/lib/gcc/arm-linux-androideabi/4.9.x/../../../../arm-linux-androideabi/lib/../lib] ==> dir [/usr/local/Cellar/android-sdk/25.0.0/ndk-bundle/toolchains/arm-linux-androideabi-4.9/prebuilt/darwin-x86_64/lib/gcc/arm-linux-androideabi/4.9.x/../../../../arm-linux-androideabi/lib/../lib]
    arg [-L/usr/local/Cellar/android-sdk/25.0.0/ndk-bundle/platforms/android-19/arch-arm/usr/lib/../lib] ==> dir [/usr/local/Cellar/android-sdk/25.0.0/ndk-bundle/platforms/android-19/arch-arm/usr/lib/../lib]
    arg [-L/usr/local/Cellar/android-sdk/25.0.0/ndk-bundle/toolchains/arm-linux-androideabi-4.9/prebuilt/darwin-x86_64/lib/gcc/arm-linux-androideabi/4.9.x/../../../../arm-linux-androideabi/lib] ==> dir [/usr/local/Cellar/android-sdk/25.0.0/ndk-bundle/toolchains/arm-linux-androideabi-4.9/prebuilt/darwin-x86_64/lib/gcc/arm-linux-androideabi/4.9.x/../../../../arm-linux-androideabi/lib]
    arg [-L/usr/local/Cellar/android-sdk/25.0.0/ndk-bundle/platforms/android-19/arch-arm/usr/lib] ==> dir [/usr/local/Cellar/android-sdk/25.0.0/ndk-bundle/platforms/android-19/arch-arm/usr/lib]
    arg [--build-id] ==> ignore
    arg [--warn-shared-textrel] ==> ignore
    arg [--fatal-warnings] ==> ignore
    arg [--fix-cortex-a8] ==> ignore
    arg [--no-undefined] ==> ignore
    arg [-znoexecstack] ==> ignore
    arg [-zrelro] ==> ignore
    arg [-znow] ==> ignore
    arg [--gc-sections] ==> ignore
    arg [-znocopyreloc] ==> ignore
    arg [--build-id] ==> ignore
    arg [--warn-shared-textrel] ==> ignore
    arg [--fatal-warnings] ==> ignore
    arg [--fix-cortex-a8] ==> ignore
    arg [--no-undefined] ==> ignore
    arg [-znoexecstack] ==> ignore
    arg [-zrelro] ==> ignore
    arg [-znow] ==> ignore
    arg [--gc-sections] ==> ignore
    arg [-znocopyreloc] ==> ignore
    arg [CMakeFiles/cmTC_10277.dir/CMakeCXXCompilerABI.cpp.o] ==> ignore
    arg [-lstdc++] ==> lib [stdc++]
    arg [-lm] ==> lib [m]
    arg [-lgcc] ==> lib [gcc]
    arg [-lgcc] ==> lib [gcc]
    arg [-ldl] ==> lib [dl]
    arg [-lc] ==> lib [c]
    arg [-lgcc] ==> lib [gcc]
    arg [-lgcc] ==> lib [gcc]
    arg [-ldl] ==> lib [dl]
    arg [/usr/local/Cellar/android-sdk/25.0.0/ndk-bundle/platforms/android-19/arch-arm/usr/lib/../lib/crtend_android.o] ==> ignore
  remove lib [gcc]
  remove lib [gcc]
  remove lib [gcc]
  remove lib [gcc]
  collapse library dir [/usr/local/Cellar/android-sdk/25.0.0/ndk-bundle/toolchains/arm-linux-androideabi-4.9/prebuilt/darwin-x86_64/lib/gcc/arm-linux-androideabi/4.9.x] ==> [/usr/local/Cellar/android-sdk/25.0.0/ndk-bundle/toolchains/arm-linux-androideabi-4.9/prebuilt/darwin-x86_64/lib/gcc/arm-linux-androideabi/4.9.x]
  collapse library dir [/usr/local/Cellar/android-sdk/25.0.0/ndk-bundle/toolchains/arm-linux-androideabi-4.9/prebuilt/darwin-x86_64/lib/gcc/arm-linux-androideabi/4.9.x/../../../../arm-linux-androideabi/lib/../lib] ==> [/usr/local/Cellar/android-sdk/25.0.0/ndk-bundle/toolchains/arm-linux-androideabi-4.9/prebuilt/darwin-x86_64/arm-linux-androideabi/lib]
  collapse library dir [/usr/local/Cellar/android-sdk/25.0.0/ndk-bundle/platforms/android-19/arch-arm/usr/lib/../lib] ==> [/usr/local/Cellar/android-sdk/25.0.0/ndk-bundle/platforms/android-19/arch-arm/usr/lib]
  collapse library dir [/usr/local/Cellar/android-sdk/25.0.0/ndk-bundle/toolchains/arm-linux-androideabi-4.9/prebuilt/darwin-x86_64/lib/gcc/arm-linux-androideabi/4.9.x/../../../../arm-linux-androideabi/lib] ==> [/usr/local/Cellar/android-sdk/25.0.0/ndk-bundle/toolchains/arm-linux-androideabi-4.9/prebuilt/darwin-x86_64/arm-linux-androideabi/lib]
  collapse library dir [/usr/local/Cellar/android-sdk/25.0.0/ndk-bundle/platforms/android-19/arch-arm/usr/lib] ==> [/usr/local/Cellar/android-sdk/25.0.0/ndk-bundle/platforms/android-19/arch-arm/usr/lib]
  implicit libs: [stdc++;m;dl;c;dl]
  implicit dirs: [/usr/local/Cellar/android-sdk/25.0.0/ndk-bundle/toolchains/arm-linux-androideabi-4.9/prebuilt/darwin-x86_64/lib/gcc/arm-linux-androideabi/4.9.x;/usr/local/Cellar/android-sdk/25.0.0/ndk-bundle/toolchains/arm-linux-androideabi-4.9/prebuilt/darwin-x86_64/arm-linux-androideabi/lib;/usr/local/Cellar/android-sdk/25.0.0/ndk-bundle/platforms/android-19/arch-arm/usr/lib]
  implicit fwks: []


