The target system is: Android - 21 - mips64
The host system is: Darwin - 16.4.0 - x86_64
Determining if the C compiler works passed with the following output:
Change Dir: /Users/isakherman/Development/Android/projs/MemGameV/app/.externalNativeBuild/cmake/debug/mips64/CMakeFiles/CMakeTmp

Run Build Command:"/usr/local/Cellar/android-sdk/25.0.0/cmake/3.6.3155560/bin/ninja" "cmTC_e37a1"
[1/2] Building C object CMakeFiles/cmTC_e37a1.dir/testCCompiler.c.o
[2/2] Linking C executable cmTC_e37a1


Detecting C compiler ABI info compiled with the following output:
Change Dir: /Users/isakherman/Development/Android/projs/MemGameV/app/.externalNativeBuild/cmake/debug/mips64/CMakeFiles/CMakeTmp

Run Build Command:"/usr/local/Cellar/android-sdk/25.0.0/cmake/3.6.3155560/bin/ninja" "cmTC_6fcb2"
[1/2] Building C object CMakeFiles/cmTC_6fcb2.dir/CMakeCCompilerABI.c.o
[2/2] Linking C executable cmTC_6fcb2
Android clang version 3.8.256229  (based on LLVM 3.8.256229)
Target: mips64el-none-linux-android
Thread model: posix
InstalledDir: /usr/local/Cellar/android-sdk/25.0.0/ndk-bundle/toolchains/llvm/prebuilt/darwin-x86_64/bin
Found candidate GCC installation: /usr/local/Cellar/android-sdk/25.0.0/ndk-bundle/toolchains/mips64el-linux-android-4.9/prebuilt/darwin-x86_64/lib/gcc/mips64el-linux-android/4.9.x
Selected GCC installation: /usr/local/Cellar/android-sdk/25.0.0/ndk-bundle/toolchains/mips64el-linux-android-4.9/prebuilt/darwin-x86_64/lib/gcc/mips64el-linux-android/4.9.x
Candidate multilib: .;
Selected multilib: .;
 "/usr/local/Cellar/android-sdk/25.0.0/ndk-bundle/toolchains/mips64el-linux-android-4.9/prebuilt/darwin-x86_64/lib/gcc/mips64el-linux-android/4.9.x/../../../../mips64el-linux-android/bin/ld" --sysroot=/usr/local/Cellar/android-sdk/25.0.0/ndk-bundle/platforms/android-21/arch-mips64 -pie --sysroot=/usr/local/Cellar/android-sdk/25.0.0/ndk-bundle/platforms/android-21/arch-mips64 --eh-frame-hdr -m elf64ltsmip -dynamic-linker /system/bin/linker64 -o cmTC_6fcb2 /usr/local/Cellar/android-sdk/25.0.0/ndk-bundle/platforms/android-21/arch-mips64/usr/lib/../lib64/crtbegin_dynamic.o -L/usr/local/Cellar/android-sdk/25.0.0/ndk-bundle/toolchains/mips64el-linux-android-4.9/prebuilt/darwin-x86_64/lib/gcc/mips64el-linux-android/4.9.x -L/usr/local/Cellar/android-sdk/25.0.0/ndk-bundle/toolchains/mips64el-linux-android-4.9/prebuilt/darwin-x86_64/lib/gcc/mips64el-linux-android/4.9.x/../../../../mips64el-linux-android/lib/../lib64 -L/usr/local/Cellar/android-sdk/25.0.0/ndk-bundle/platforms/android-21/arch-mips64/usr/lib/../lib64 -L/usr/local/Cellar/android-sdk/25.0.0/ndk-bundle/toolchains/mips64el-linux-android-4.9/prebuilt/darwin-x86_64/lib/gcc/mips64el-linux-android/4.9.x/../../../../mips64el-linux-android/lib -L/usr/local/Cellar/android-sdk/25.0.0/ndk-bundle/platforms/android-21/arch-mips64/usr/lib --build-id --warn-shared-textrel --fatal-warnings --no-undefined -z noexecstack -z relro -z now --gc-sections -z nocopyreloc --build-id --warn-shared-textrel --fatal-warnings --no-undefined -z noexecstack -z relro -z now --gc-sections -z nocopyreloc CMakeFiles/cmTC_6fcb2.dir/CMakeCCompilerABI.c.o -lgcc -ldl -lc -lgcc -ldl /usr/local/Cellar/android-sdk/25.0.0/ndk-bundle/platforms/android-21/arch-mips64/usr/lib/../lib64/crtend_android.o


Parsed C implicit link information from above output:
  link line regex: [^( *|.*[/\])(mips64el-linux-android-ld|([^/\]+-)?ld|collect2)[^/\]*( |$)]
  ignore line: [Change Dir: /Users/isakherman/Development/Android/projs/MemGameV/app/.externalNativeBuild/cmake/debug/mips64/CMakeFiles/CMakeTmp]
  ignore line: []
  ignore line: [Run Build Command:"/usr/local/Cellar/android-sdk/25.0.0/cmake/3.6.3155560/bin/ninja" "cmTC_6fcb2"]
  ignore line: [[1/2] Building C object CMakeFiles/cmTC_6fcb2.dir/CMakeCCompilerABI.c.o]
  ignore line: [[2/2] Linking C executable cmTC_6fcb2]
  ignore line: [Android clang version 3.8.256229  (based on LLVM 3.8.256229)]
  ignore line: [Target: mips64el-none-linux-android]
  ignore line: [Thread model: posix]
  ignore line: [InstalledDir: /usr/local/Cellar/android-sdk/25.0.0/ndk-bundle/toolchains/llvm/prebuilt/darwin-x86_64/bin]
  ignore line: [Found candidate GCC installation: /usr/local/Cellar/android-sdk/25.0.0/ndk-bundle/toolchains/mips64el-linux-android-4.9/prebuilt/darwin-x86_64/lib/gcc/mips64el-linux-android/4.9.x]
  ignore line: [Selected GCC installation: /usr/local/Cellar/android-sdk/25.0.0/ndk-bundle/toolchains/mips64el-linux-android-4.9/prebuilt/darwin-x86_64/lib/gcc/mips64el-linux-android/4.9.x]
  ignore line: [Candidate multilib: .]
  ignore line: []
  ignore line: [Selected multilib: .]
  ignore line: []
  link line: [ "/usr/local/Cellar/android-sdk/25.0.0/ndk-bundle/toolchains/mips64el-linux-android-4.9/prebuilt/darwin-x86_64/lib/gcc/mips64el-linux-android/4.9.x/../../../../mips64el-linux-android/bin/ld" --sysroot=/usr/local/Cellar/android-sdk/25.0.0/ndk-bundle/platforms/android-21/arch-mips64 -pie --sysroot=/usr/local/Cellar/android-sdk/25.0.0/ndk-bundle/platforms/android-21/arch-mips64 --eh-frame-hdr -m elf64ltsmip -dynamic-linker /system/bin/linker64 -o cmTC_6fcb2 /usr/local/Cellar/android-sdk/25.0.0/ndk-bundle/platforms/android-21/arch-mips64/usr/lib/../lib64/crtbegin_dynamic.o -L/usr/local/Cellar/android-sdk/25.0.0/ndk-bundle/toolchains/mips64el-linux-android-4.9/prebuilt/darwin-x86_64/lib/gcc/mips64el-linux-android/4.9.x -L/usr/local/Cellar/android-sdk/25.0.0/ndk-bundle/toolchains/mips64el-linux-android-4.9/prebuilt/darwin-x86_64/lib/gcc/mips64el-linux-android/4.9.x/../../../../mips64el-linux-android/lib/../lib64 -L/usr/local/Cellar/android-sdk/25.0.0/ndk-bundle/platforms/android-21/arch-mips64/usr/lib/../lib64 -L/usr/local/Cellar/android-sdk/25.0.0/ndk-bundle/toolchains/mips64el-linux-android-4.9/prebuilt/darwin-x86_64/lib/gcc/mips64el-linux-android/4.9.x/../../../../mips64el-linux-android/lib -L/usr/local/Cellar/android-sdk/25.0.0/ndk-bundle/platforms/android-21/arch-mips64/usr/lib --build-id --warn-shared-textrel --fatal-warnings --no-undefined -z noexecstack -z relro -z now --gc-sections -z nocopyreloc --build-id --warn-shared-textrel --fatal-warnings --no-undefined -z noexecstack -z relro -z now --gc-sections -z nocopyreloc CMakeFiles/cmTC_6fcb2.dir/CMakeCCompilerABI.c.o -lgcc -ldl -lc -lgcc -ldl /usr/local/Cellar/android-sdk/25.0.0/ndk-bundle/platforms/android-21/arch-mips64/usr/lib/../lib64/crtend_android.o]
    arg [/usr/local/Cellar/android-sdk/25.0.0/ndk-bundle/toolchains/mips64el-linux-android-4.9/prebuilt/darwin-x86_64/lib/gcc/mips64el-linux-android/4.9.x/../../../../mips64el-linux-android/bin/ld] ==> ignore
    arg [--sysroot=/usr/local/Cellar/android-sdk/25.0.0/ndk-bundle/platforms/android-21/arch-mips64] ==> ignore
    arg [-pie] ==> ignore
    arg [--sysroot=/usr/local/Cellar/android-sdk/25.0.0/ndk-bundle/platforms/android-21/arch-mips64] ==> ignore
    arg [--eh-frame-hdr] ==> ignore
    arg [-m] ==> ignore
    arg [elf64ltsmip] ==> ignore
    arg [-dynamic-linker] ==> ignore
    arg [/system/bin/linker64] ==> ignore
    arg [-o] ==> ignore
    arg [cmTC_6fcb2] ==> ignore
    arg [/usr/local/Cellar/android-sdk/25.0.0/ndk-bundle/platforms/android-21/arch-mips64/usr/lib/../lib64/crtbegin_dynamic.o] ==> ignore
    arg [-L/usr/local/Cellar/android-sdk/25.0.0/ndk-bundle/toolchains/mips64el-linux-android-4.9/prebuilt/darwin-x86_64/lib/gcc/mips64el-linux-android/4.9.x] ==> dir [/usr/local/Cellar/android-sdk/25.0.0/ndk-bundle/toolchains/mips64el-linux-android-4.9/prebuilt/darwin-x86_64/lib/gcc/mips64el-linux-android/4.9.x]
    arg [-L/usr/local/Cellar/android-sdk/25.0.0/ndk-bundle/toolchains/mips64el-linux-android-4.9/prebuilt/darwin-x86_64/lib/gcc/mips64el-linux-android/4.9.x/../../../../mips64el-linux-android/lib/../lib64] ==> dir [/usr/local/Cellar/android-sdk/25.0.0/ndk-bundle/toolchains/mips64el-linux-android-4.9/prebuilt/darwin-x86_64/lib/gcc/mips64el-linux-android/4.9.x/../../../../mips64el-linux-android/lib/../lib64]
    arg [-L/usr/local/Cellar/android-sdk/25.0.0/ndk-bundle/platforms/android-21/arch-mips64/usr/lib/../lib64] ==> dir [/usr/local/Cellar/android-sdk/25.0.0/ndk-bundle/platforms/android-21/arch-mips64/usr/lib/../lib64]
    arg [-L/usr/local/Cellar/android-sdk/25.0.0/ndk-bundle/toolchains/mips64el-linux-android-4.9/prebuilt/darwin-x86_64/lib/gcc/mips64el-linux-android/4.9.x/../../../../mips64el-linux-android/lib] ==> dir [/usr/local/Cellar/android-sdk/25.0.0/ndk-bundle/toolchains/mips64el-linux-android-4.9/prebuilt/darwin-x86_64/lib/gcc/mips64el-linux-android/4.9.x/../../../../mips64el-linux-android/lib]
    arg [-L/usr/local/Cellar/android-sdk/25.0.0/ndk-bundle/platforms/android-21/arch-mips64/usr/lib] ==> dir [/usr/local/Cellar/android-sdk/25.0.0/ndk-bundle/platforms/android-21/arch-mips64/usr/lib]
    arg [--build-id] ==> ignore
    arg [--warn-shared-textrel] ==> ignore
    arg [--fatal-warnings] ==> ignore
    arg [--no-undefined] ==> ignore
    arg [-znoexecstack] ==> ignore
    arg [-zrelro] ==> ignore
    arg [-znow] ==> ignore
    arg [--gc-sections] ==> ignore
    arg [-znocopyreloc] ==> ignore
    arg [--build-id] ==> ignore
    arg [--warn-shared-textrel] ==> ignore
    arg [--fatal-warnings] ==> ignore
    arg [--no-undefined] ==> ignore
    arg [-znoexecstack] ==> ignore
    arg [-zrelro] ==> ignore
    arg [-znow] ==> ignore
    arg [--gc-sections] ==> ignore
    arg [-znocopyreloc] ==> ignore
    arg [CMakeFiles/cmTC_6fcb2.dir/CMakeCCompilerABI.c.o] ==> ignore
    arg [-lgcc] ==> lib [gcc]
    arg [-ldl] ==> lib [dl]
    arg [-lc] ==> lib [c]
    arg [-lgcc] ==> lib [gcc]
    arg [-ldl] ==> lib [dl]
    arg [/usr/local/Cellar/android-sdk/25.0.0/ndk-bundle/platforms/android-21/arch-mips64/usr/lib/../lib64/crtend_android.o] ==> ignore
  remove lib [gcc]
  remove lib [gcc]
  collapse library dir [/usr/local/Cellar/android-sdk/25.0.0/ndk-bundle/toolchains/mips64el-linux-android-4.9/prebuilt/darwin-x86_64/lib/gcc/mips64el-linux-android/4.9.x] ==> [/usr/local/Cellar/android-sdk/25.0.0/ndk-bundle/toolchains/mips64el-linux-android-4.9/prebuilt/darwin-x86_64/lib/gcc/mips64el-linux-android/4.9.x]
  collapse library dir [/usr/local/Cellar/android-sdk/25.0.0/ndk-bundle/toolchains/mips64el-linux-android-4.9/prebuilt/darwin-x86_64/lib/gcc/mips64el-linux-android/4.9.x/../../../../mips64el-linux-android/lib/../lib64] ==> [/usr/local/Cellar/android-sdk/25.0.0/ndk-bundle/toolchains/mips64el-linux-android-4.9/prebuilt/darwin-x86_64/mips64el-linux-android/lib64]
  collapse library dir [/usr/local/Cellar/android-sdk/25.0.0/ndk-bundle/platforms/android-21/arch-mips64/usr/lib/../lib64] ==> [/usr/local/Cellar/android-sdk/25.0.0/ndk-bundle/platforms/android-21/arch-mips64/usr/lib64]
  collapse library dir [/usr/local/Cellar/android-sdk/25.0.0/ndk-bundle/toolchains/mips64el-linux-android-4.9/prebuilt/darwin-x86_64/lib/gcc/mips64el-linux-android/4.9.x/../../../../mips64el-linux-android/lib] ==> [/usr/local/Cellar/android-sdk/25.0.0/ndk-bundle/toolchains/mips64el-linux-android-4.9/prebuilt/darwin-x86_64/mips64el-linux-android/lib]
  collapse library dir [/usr/local/Cellar/android-sdk/25.0.0/ndk-bundle/platforms/android-21/arch-mips64/usr/lib] ==> [/usr/local/Cellar/android-sdk/25.0.0/ndk-bundle/platforms/android-21/arch-mips64/usr/lib]
  implicit libs: [dl;c;dl]
  implicit dirs: [/usr/local/Cellar/android-sdk/25.0.0/ndk-bundle/toolchains/mips64el-linux-android-4.9/prebuilt/darwin-x86_64/lib/gcc/mips64el-linux-android/4.9.x;/usr/local/Cellar/android-sdk/25.0.0/ndk-bundle/toolchains/mips64el-linux-android-4.9/prebuilt/darwin-x86_64/mips64el-linux-android/lib64;/usr/local/Cellar/android-sdk/25.0.0/ndk-bundle/platforms/android-21/arch-mips64/usr/lib64;/usr/local/Cellar/android-sdk/25.0.0/ndk-bundle/toolchains/mips64el-linux-android-4.9/prebuilt/darwin-x86_64/mips64el-linux-android/lib;/usr/local/Cellar/android-sdk/25.0.0/ndk-bundle/platforms/android-21/arch-mips64/usr/lib]
  implicit fwks: []


Determining if the CXX compiler works passed with the following output:
Change Dir: /Users/isakherman/Development/Android/projs/MemGameV/app/.externalNativeBuild/cmake/debug/mips64/CMakeFiles/CMakeTmp

Run Build Command:"/usr/local/Cellar/android-sdk/25.0.0/cmake/3.6.3155560/bin/ninja" "cmTC_506b7"
[1/2] Building CXX object CMakeFiles/cmTC_506b7.dir/testCXXCompiler.cxx.o
[2/2] Linking CXX executable cmTC_506b7


Detecting CXX compiler ABI info compiled with the following output:
Change Dir: /Users/isakherman/Development/Android/projs/MemGameV/app/.externalNativeBuild/cmake/debug/mips64/CMakeFiles/CMakeTmp

Run Build Command:"/usr/local/Cellar/android-sdk/25.0.0/cmake/3.6.3155560/bin/ninja" "cmTC_97b23"
[1/2] Building CXX object CMakeFiles/cmTC_97b23.dir/CMakeCXXCompilerABI.cpp.o
[2/2] Linking CXX executable cmTC_97b23
Android clang version 3.8.256229  (based on LLVM 3.8.256229)
Target: mips64el-none-linux-android
Thread model: posix
InstalledDir: /usr/local/Cellar/android-sdk/25.0.0/ndk-bundle/toolchains/llvm/prebuilt/darwin-x86_64/bin
Found candidate GCC installation: /usr/local/Cellar/android-sdk/25.0.0/ndk-bundle/toolchains/mips64el-linux-android-4.9/prebuilt/darwin-x86_64/lib/gcc/mips64el-linux-android/4.9.x
Selected GCC installation: /usr/local/Cellar/android-sdk/25.0.0/ndk-bundle/toolchains/mips64el-linux-android-4.9/prebuilt/darwin-x86_64/lib/gcc/mips64el-linux-android/4.9.x
Candidate multilib: .;
Selected multilib: .;
 "/usr/local/Cellar/android-sdk/25.0.0/ndk-bundle/toolchains/mips64el-linux-android-4.9/prebuilt/darwin-x86_64/lib/gcc/mips64el-linux-android/4.9.x/../../../../mips64el-linux-android/bin/ld" --sysroot=/usr/local/Cellar/android-sdk/25.0.0/ndk-bundle/platforms/android-21/arch-mips64 -pie --sysroot=/usr/local/Cellar/android-sdk/25.0.0/ndk-bundle/platforms/android-21/arch-mips64 --eh-frame-hdr -m elf64ltsmip -dynamic-linker /system/bin/linker64 -o cmTC_97b23 /usr/local/Cellar/android-sdk/25.0.0/ndk-bundle/platforms/android-21/arch-mips64/usr/lib/../lib64/crtbegin_dynamic.o -L/usr/local/Cellar/android-sdk/25.0.0/ndk-bundle/toolchains/mips64el-linux-android-4.9/prebuilt/darwin-x86_64/lib/gcc/mips64el-linux-android/4.9.x -L/usr/local/Cellar/android-sdk/25.0.0/ndk-bundle/toolchains/mips64el-linux-android-4.9/prebuilt/darwin-x86_64/lib/gcc/mips64el-linux-android/4.9.x/../../../../mips64el-linux-android/lib/../lib64 -L/usr/local/Cellar/android-sdk/25.0.0/ndk-bundle/platforms/android-21/arch-mips64/usr/lib/../lib64 -L/usr/local/Cellar/android-sdk/25.0.0/ndk-bundle/toolchains/mips64el-linux-android-4.9/prebuilt/darwin-x86_64/lib/gcc/mips64el-linux-android/4.9.x/../../../../mips64el-linux-android/lib -L/usr/local/Cellar/android-sdk/25.0.0/ndk-bundle/platforms/android-21/arch-mips64/usr/lib --build-id --warn-shared-textrel --fatal-warnings --no-undefined -z noexecstack -z relro -z now --gc-sections -z nocopyreloc --build-id --warn-shared-textrel --fatal-warnings --no-undefined -z noexecstack -z relro -z now --gc-sections -z nocopyreloc CMakeFiles/cmTC_97b23.dir/CMakeCXXCompilerABI.cpp.o -lstdc++ -lm -lgcc -lgcc -ldl -lc -lgcc -lgcc -ldl /usr/local/Cellar/android-sdk/25.0.0/ndk-bundle/platforms/android-21/arch-mips64/usr/lib/../lib64/crtend_android.o


Parsed CXX implicit link information from above output:
  link line regex: [^( *|.*[/\])(mips64el-linux-android-ld|([^/\]+-)?ld|collect2)[^/\]*( |$)]
  ignore line: [Change Dir: /Users/isakherman/Development/Android/projs/MemGameV/app/.externalNativeBuild/cmake/debug/mips64/CMakeFiles/CMakeTmp]
  ignore line: []
  ignore line: [Run Build Command:"/usr/local/Cellar/android-sdk/25.0.0/cmake/3.6.3155560/bin/ninja" "cmTC_97b23"]
  ignore line: [[1/2] Building CXX object CMakeFiles/cmTC_97b23.dir/CMakeCXXCompilerABI.cpp.o]
  ignore line: [[2/2] Linking CXX executable cmTC_97b23]
  ignore line: [Android clang version 3.8.256229  (based on LLVM 3.8.256229)]
  ignore line: [Target: mips64el-none-linux-android]
  ignore line: [Thread model: posix]
  ignore line: [InstalledDir: /usr/local/Cellar/android-sdk/25.0.0/ndk-bundle/toolchains/llvm/prebuilt/darwin-x86_64/bin]
  ignore line: [Found candidate GCC installation: /usr/local/Cellar/android-sdk/25.0.0/ndk-bundle/toolchains/mips64el-linux-android-4.9/prebuilt/darwin-x86_64/lib/gcc/mips64el-linux-android/4.9.x]
  ignore line: [Selected GCC installation: /usr/local/Cellar/android-sdk/25.0.0/ndk-bundle/toolchains/mips64el-linux-android-4.9/prebuilt/darwin-x86_64/lib/gcc/mips64el-linux-android/4.9.x]
  ignore line: [Candidate multilib: .]
  ignore line: []
  ignore line: [Selected multilib: .]
  ignore line: []
  link line: [ "/usr/local/Cellar/android-sdk/25.0.0/ndk-bundle/toolchains/mips64el-linux-android-4.9/prebuilt/darwin-x86_64/lib/gcc/mips64el-linux-android/4.9.x/../../../../mips64el-linux-android/bin/ld" --sysroot=/usr/local/Cellar/android-sdk/25.0.0/ndk-bundle/platforms/android-21/arch-mips64 -pie --sysroot=/usr/local/Cellar/android-sdk/25.0.0/ndk-bundle/platforms/android-21/arch-mips64 --eh-frame-hdr -m elf64ltsmip -dynamic-linker /system/bin/linker64 -o cmTC_97b23 /usr/local/Cellar/android-sdk/25.0.0/ndk-bundle/platforms/android-21/arch-mips64/usr/lib/../lib64/crtbegin_dynamic.o -L/usr/local/Cellar/android-sdk/25.0.0/ndk-bundle/toolchains/mips64el-linux-android-4.9/prebuilt/darwin-x86_64/lib/gcc/mips64el-linux-android/4.9.x -L/usr/local/Cellar/android-sdk/25.0.0/ndk-bundle/toolchains/mips64el-linux-android-4.9/prebuilt/darwin-x86_64/lib/gcc/mips64el-linux-android/4.9.x/../../../../mips64el-linux-android/lib/../lib64 -L/usr/local/Cellar/android-sdk/25.0.0/ndk-bundle/platforms/android-21/arch-mips64/usr/lib/../lib64 -L/usr/local/Cellar/android-sdk/25.0.0/ndk-bundle/toolchains/mips64el-linux-android-4.9/prebuilt/darwin-x86_64/lib/gcc/mips64el-linux-android/4.9.x/../../../../mips64el-linux-android/lib -L/usr/local/Cellar/android-sdk/25.0.0/ndk-bundle/platforms/android-21/arch-mips64/usr/lib --build-id --warn-shared-textrel --fatal-warnings --no-undefined -z noexecstack -z relro -z now --gc-sections -z nocopyreloc --build-id --warn-shared-textrel --fatal-warnings --no-undefined -z noexecstack -z relro -z now --gc-sections -z nocopyreloc CMakeFiles/cmTC_97b23.dir/CMakeCXXCompilerABI.cpp.o -lstdc++ -lm -lgcc -lgcc -ldl -lc -lgcc -lgcc -ldl /usr/local/Cellar/android-sdk/25.0.0/ndk-bundle/platforms/android-21/arch-mips64/usr/lib/../lib64/crtend_android.o]
    arg [/usr/local/Cellar/android-sdk/25.0.0/ndk-bundle/toolchains/mips64el-linux-android-4.9/prebuilt/darwin-x86_64/lib/gcc/mips64el-linux-android/4.9.x/../../../../mips64el-linux-android/bin/ld] ==> ignore
    arg [--sysroot=/usr/local/Cellar/android-sdk/25.0.0/ndk-bundle/platforms/android-21/arch-mips64] ==> ignore
    arg [-pie] ==> ignore
    arg [--sysroot=/usr/local/Cellar/android-sdk/25.0.0/ndk-bundle/platforms/android-21/arch-mips64] ==> ignore
    arg [--eh-frame-hdr] ==> ignore
    arg [-m] ==> ignore
    arg [elf64ltsmip] ==> ignore
    arg [-dynamic-linker] ==> ignore
    arg [/system/bin/linker64] ==> ignore
    arg [-o] ==> ignore
    arg [cmTC_97b23] ==> ignore
    arg [/usr/local/Cellar/android-sdk/25.0.0/ndk-bundle/platforms/android-21/arch-mips64/usr/lib/../lib64/crtbegin_dynamic.o] ==> ignore
    arg [-L/usr/local/Cellar/android-sdk/25.0.0/ndk-bundle/toolchains/mips64el-linux-android-4.9/prebuilt/darwin-x86_64/lib/gcc/mips64el-linux-android/4.9.x] ==> dir [/usr/local/Cellar/android-sdk/25.0.0/ndk-bundle/toolchains/mips64el-linux-android-4.9/prebuilt/darwin-x86_64/lib/gcc/mips64el-linux-android/4.9.x]
    arg [-L/usr/local/Cellar/android-sdk/25.0.0/ndk-bundle/toolchains/mips64el-linux-android-4.9/prebuilt/darwin-x86_64/lib/gcc/mips64el-linux-android/4.9.x/../../../../mips64el-linux-android/lib/../lib64] ==> dir [/usr/local/Cellar/android-sdk/25.0.0/ndk-bundle/toolchains/mips64el-linux-android-4.9/prebuilt/darwin-x86_64/lib/gcc/mips64el-linux-android/4.9.x/../../../../mips64el-linux-android/lib/../lib64]
    arg [-L/usr/local/Cellar/android-sdk/25.0.0/ndk-bundle/platforms/android-21/arch-mips64/usr/lib/../lib64] ==> dir [/usr/local/Cellar/android-sdk/25.0.0/ndk-bundle/platforms/android-21/arch-mips64/usr/lib/../lib64]
    arg [-L/usr/local/Cellar/android-sdk/25.0.0/ndk-bundle/toolchains/mips64el-linux-android-4.9/prebuilt/darwin-x86_64/lib/gcc/mips64el-linux-android/4.9.x/../../../../mips64el-linux-android/lib] ==> dir [/usr/local/Cellar/android-sdk/25.0.0/ndk-bundle/toolchains/mips64el-linux-android-4.9/prebuilt/darwin-x86_64/lib/gcc/mips64el-linux-android/4.9.x/../../../../mips64el-linux-android/lib]
    arg [-L/usr/local/Cellar/android-sdk/25.0.0/ndk-bundle/platforms/android-21/arch-mips64/usr/lib] ==> dir [/usr/local/Cellar/android-sdk/25.0.0/ndk-bundle/platforms/android-21/arch-mips64/usr/lib]
    arg [--build-id] ==> ignore
    arg [--warn-shared-textrel] ==> ignore
    arg [--fatal-warnings] ==> ignore
    arg [--no-undefined] ==> ignore
    arg [-znoexecstack] ==> ignore
    arg [-zrelro] ==> ignore
    arg [-znow] ==> ignore
    arg [--gc-sections] ==> ignore
    arg [-znocopyreloc] ==> ignore
    arg [--build-id] ==> ignore
    arg [--warn-shared-textrel] ==> ignore
    arg [--fatal-warnings] ==> ignore
    arg [--no-undefined] ==> ignore
    arg [-znoexecstack] ==> ignore
    arg [-zrelro] ==> ignore
    arg [-znow] ==> ignore
    arg [--gc-sections] ==> ignore
    arg [-znocopyreloc] ==> ignore
    arg [CMakeFiles/cmTC_97b23.dir/CMakeCXXCompilerABI.cpp.o] ==> ignore
    arg [-lstdc++] ==> lib [stdc++]
    arg [-lm] ==> lib [m]
    arg [-lgcc] ==> lib [gcc]
    arg [-lgcc] ==> lib [gcc]
    arg [-ldl] ==> lib [dl]
    arg [-lc] ==> lib [c]
    arg [-lgcc] ==> lib [gcc]
    arg [-lgcc] ==> lib [gcc]
    arg [-ldl] ==> lib [dl]
    arg [/usr/local/Cellar/android-sdk/25.0.0/ndk-bundle/platforms/android-21/arch-mips64/usr/lib/../lib64/crtend_android.o] ==> ignore
  remove lib [gcc]
  remove lib [gcc]
  remove lib [gcc]
  remove lib [gcc]
  collapse library dir [/usr/local/Cellar/android-sdk/25.0.0/ndk-bundle/toolchains/mips64el-linux-android-4.9/prebuilt/darwin-x86_64/lib/gcc/mips64el-linux-android/4.9.x] ==> [/usr/local/Cellar/android-sdk/25.0.0/ndk-bundle/toolchains/mips64el-linux-android-4.9/prebuilt/darwin-x86_64/lib/gcc/mips64el-linux-android/4.9.x]
  collapse library dir [/usr/local/Cellar/android-sdk/25.0.0/ndk-bundle/toolchains/mips64el-linux-android-4.9/prebuilt/darwin-x86_64/lib/gcc/mips64el-linux-android/4.9.x/../../../../mips64el-linux-android/lib/../lib64] ==> [/usr/local/Cellar/android-sdk/25.0.0/ndk-bundle/toolchains/mips64el-linux-android-4.9/prebuilt/darwin-x86_64/mips64el-linux-android/lib64]
  collapse library dir [/usr/local/Cellar/android-sdk/25.0.0/ndk-bundle/platforms/android-21/arch-mips64/usr/lib/../lib64] ==> [/usr/local/Cellar/android-sdk/25.0.0/ndk-bundle/platforms/android-21/arch-mips64/usr/lib64]
  collapse library dir [/usr/local/Cellar/android-sdk/25.0.0/ndk-bundle/toolchains/mips64el-linux-android-4.9/prebuilt/darwin-x86_64/lib/gcc/mips64el-linux-android/4.9.x/../../../../mips64el-linux-android/lib] ==> [/usr/local/Cellar/android-sdk/25.0.0/ndk-bundle/toolchains/mips64el-linux-android-4.9/prebuilt/darwin-x86_64/mips64el-linux-android/lib]
  collapse library dir [/usr/local/Cellar/android-sdk/25.0.0/ndk-bundle/platforms/android-21/arch-mips64/usr/lib] ==> [/usr/local/Cellar/android-sdk/25.0.0/ndk-bundle/platforms/android-21/arch-mips64/usr/lib]
  implicit libs: [stdc++;m;dl;c;dl]
  implicit dirs: [/usr/local/Cellar/android-sdk/25.0.0/ndk-bundle/toolchains/mips64el-linux-android-4.9/prebuilt/darwin-x86_64/lib/gcc/mips64el-linux-android/4.9.x;/usr/local/Cellar/android-sdk/25.0.0/ndk-bundle/toolchains/mips64el-linux-android-4.9/prebuilt/darwin-x86_64/mips64el-linux-android/lib64;/usr/local/Cellar/android-sdk/25.0.0/ndk-bundle/platforms/android-21/arch-mips64/usr/lib64;/usr/local/Cellar/android-sdk/25.0.0/ndk-bundle/toolchains/mips64el-linux-android-4.9/prebuilt/darwin-x86_64/mips64el-linux-android/lib;/usr/local/Cellar/android-sdk/25.0.0/ndk-bundle/platforms/android-21/arch-mips64/usr/lib]
  implicit fwks: []


